<?xml version="1.0" encoding="UTF-8" ?>
<testsuite tests="1" failures="0" name="com.fomjar.core.anno.TestAnno" time="0.182" errors="1" skipped="0">
  <properties>
[...]
</properties>
  <testcase classname="com.fomjar.core.anno.TestAnno" name="test" time="0.182">
    <error message="Could not initialize class com.fomjar.core.perf.QueuedExecutor" type="java.lang.NoClassDefFoundError">java.lang.NoClassDefFoundError: Could not initialize class com.fomjar.core.perf.QueuedExecutor
	at java.lang.Class.forName0(Native Method)
	at java.lang.Class.forName(Class.java:264)
	at com.fomjar.core.anno.Anno.scan(Anno.java:44)
	at com.fomjar.core.anno.TestAnno.test(TestAnno.java:15)
	at sun.reflect.NativeMethodAccessorImpl.invoke0(Native Method)
	at sun.reflect.NativeMethodAccessorImpl.invoke(NativeMethodAccessorImpl.java:62)
	at sun.reflect.DelegatingMethodAccessorImpl.invoke(DelegatingMethodAccessorImpl.java:43)
	at java.lang.reflect.Method.invoke(Method.java:498)
	at org.junit.runners.model.FrameworkMethod$1.runReflectiveCall(FrameworkMethod.java:50)
	at org.junit.internal.runners.model.ReflectiveCallable.run(ReflectiveCallable.java:12)
	at org.junit.runners.model.FrameworkMethod.invokeExplosively(FrameworkMethod.java:47)
	at org.junit.internal.runners.statements.InvokeMethod.evaluate(InvokeMethod.java:17)
	at org.junit.runners.ParentRunner.runLeaf(ParentRunner.java:325)
	at org.junit.runners.BlockJUnit4ClassRunner.runChild(BlockJUnit4ClassRunner.java:78)
	at org.junit.runners.BlockJUnit4ClassRunner.runChild(BlockJUnit4ClassRunner.java:57)
	at org.junit.runners.ParentRunner$3.run(ParentRunner.java:290)
	at org.junit.runners.ParentRunner$1.schedule(ParentRunner.java:71)
	at org.junit.runners.ParentRunner.runChildren(ParentRunner.java:288)
	at org.junit.runners.ParentRunner.access$000(ParentRunner.java:58)
	at org.junit.runners.ParentRunner$2.evaluate(ParentRunner.java:268)
	at org.junit.runners.ParentRunner.run(ParentRunner.java:363)
	at org.apache.maven.surefire.junit4.JUnit4Provider.execute(JUnit4Provider.java:252)
	at org.apache.maven.surefire.junit4.JUnit4Provider.executeTestSet(JUnit4Provider.java:141)
	at org.apache.maven.surefire.junit4.JUnit4Provider.invoke(JUnit4Provider.java:112)
	at sun.reflect.NativeMethodAccessorImpl.invoke0(Native Method)
	at sun.reflect.NativeMethodAccessorImpl.invoke(NativeMethodAccessorImpl.java:62)
	at sun.reflect.DelegatingMethodAccessorImpl.invoke(DelegatingMethodAccessorImpl.java:43)
	at java.lang.reflect.Method.invoke(Method.java:498)
	at org.apache.maven.surefire.util.ReflectionUtils.invokeMethodWithArray(ReflectionUtils.java:189)
	at org.apache.maven.surefire.booter.ProviderFactory$ProviderProxy.invoke(ProviderFactory.java:165)
	at org.apache.maven.surefire.booter.ProviderFactory.invokeProvider(ProviderFactory.java:85)
	at org.apache.maven.surefire.booter.ForkedBooter.runSuitesInProcess(ForkedBooter.java:115)
	at org.apache.maven.surefire.booter.ForkedBooter.main(ForkedBooter.java:75)
</error>
    <system-out>public void com.fomjar.core.anno.TestAnno.test() throws java.io.IOException,java.lang.ClassNotFoundException
[METHOD ANNO] interface org.junit.Test
public void com.fomjar.core.coll.TestColls.testColls()
[METHOD ANNO] interface org.junit.Test
public void com.fomjar.core.el.TestEL.testAviatorEL() throws java.lang.Exception
[METHOD ANNO] interface org.junit.Test
public void com.fomjar.core.el.TestEL.testFreeMarkerEL() throws java.lang.Exception
[METHOD ANNO] interface org.junit.Test
public void com.fomjar.core.eq.TestEventQueue.test()
[METHOD ANNO] interface org.junit.Test
public static void com.fomjar.core.lio.TestLIO.setup()
[METHOD ANNO] interface org.junit.BeforeClass
public void com.fomjar.core.lio.TestLIO.restWebSocketLIO() throws java.lang.InterruptedException
[METHOD ANNO] interface org.junit.Test
public void com.fomjar.core.oss.TestOSS.testMinioOSS() throws java.io.IOException
[METHOD ANNO] interface org.junit.Test
public void com.fomjar.core.perf.TestExecutor.testMain() throws java.lang.InterruptedException
[METHOD ANNO] interface org.junit.Test
public void com.fomjar.core.perf.TestExecutor.testNew() throws java.lang.InterruptedException
[METHOD ANNO] interface org.junit.Test
public void com.fomjar.core.pio.TestPIO.testJava() throws java.io.IOException,java.lang.InterruptedException
[METHOD ANNO] interface org.junit.Test
public void com.fomjar.core.pio.TestPIO.testPython() throws java.io.IOException,java.lang.InterruptedException
[METHOD ANNO] interface org.junit.Test
public void com.fomjar.core.pio.TestPIO.testNode() throws java.io.IOException,java.lang.InterruptedException
[METHOD ANNO] interface org.junit.Test
class com.fomjar.core.lio.WebSocketLIO$WebSocketHandler
[CLASS  ANNO] interface org.eclipse.jetty.websocket.api.annotations.WebSocket
public void com.fomjar.core.lio.WebSocketLIO$WebSocketHandler.onWebSocketConnect(org.eclipse.jetty.websocket.api.Session) throws java.io.IOException
[METHOD ANNO] interface org.eclipse.jetty.websocket.api.annotations.OnWebSocketConnect
public void com.fomjar.core.lio.WebSocketLIO$WebSocketHandler.onWebSocketClose(org.eclipse.jetty.websocket.api.Session,int,java.lang.String)
[METHOD ANNO] interface org.eclipse.jetty.websocket.api.annotations.OnWebSocketClose
public void com.fomjar.core.lio.WebSocketLIO$WebSocketHandler.onWebSocketMessage(org.eclipse.jetty.websocket.api.Session,byte[],int,int) throws java.io.IOException
[METHOD ANNO] interface org.eclipse.jetty.websocket.api.annotations.OnWebSocketMessage
public void com.fomjar.core.lio.WebSocketLIO$WebSocketHandler.onWebSocketError(org.eclipse.jetty.websocket.api.Session,java.lang.Throwable)
[METHOD ANNO] interface org.eclipse.jetty.websocket.api.annotations.OnWebSocketError
public void com.fomjar.core.lio.WebSocketLIO$WebSocketHandler.onWebSocketFrame(org.eclipse.jetty.websocket.api.Session,org.eclipse.jetty.websocket.api.extensions.Frame)
[METHOD ANNO] interface org.eclipse.jetty.websocket.api.annotations.OnWebSocketFrame
class com.fomjar.core.lio.WebSocketLIOServer$WebSocketHandler
[CLASS  ANNO] interface org.eclipse.jetty.websocket.api.annotations.WebSocket
public void com.fomjar.core.lio.WebSocketLIOServer$WebSocketHandler.onWebSocketConnect(org.eclipse.jetty.websocket.api.Session) throws java.io.IOException
[METHOD ANNO] interface org.eclipse.jetty.websocket.api.annotations.OnWebSocketConnect
public void com.fomjar.core.lio.WebSocketLIOServer$WebSocketHandler.onWebSocketClose(org.eclipse.jetty.websocket.api.Session,int,java.lang.String) throws java.io.IOException
[METHOD ANNO] interface org.eclipse.jetty.websocket.api.annotations.OnWebSocketClose
public void com.fomjar.core.lio.WebSocketLIOServer$WebSocketHandler.onWebSocketMessage(org.eclipse.jetty.websocket.api.Session,byte[],int,int) throws java.io.IOException
[METHOD ANNO] interface org.eclipse.jetty.websocket.api.annotations.OnWebSocketMessage
public void com.fomjar.core.lio.WebSocketLIOServer$WebSocketHandler.onWebSocketError(org.eclipse.jetty.websocket.api.Session,java.lang.Throwable)
[METHOD ANNO] interface org.eclipse.jetty.websocket.api.annotations.OnWebSocketError
public void com.fomjar.core.lio.WebSocketLIOServer$WebSocketHandler.onWebSocketFrame(org.eclipse.jetty.websocket.api.Session,org.eclipse.jetty.websocket.api.extensions.Frame)
[METHOD ANNO] interface org.eclipse.jetty.websocket.api.annotations.OnWebSocketFrame
</system-out>
  </testcase>
</testsuite>